<?xml version="1.0" encoding="utf-8"?><testsuites name="pytest tests"><testsuite name="pytest" errors="0" failures="0" skipped="0" tests="8" time="14.904" timestamp="2026-06-09T07:11:17.304256+00:00" hostname="agent-env-b4eaf915-5a20-4cd4-9782-405296e91746"><testcase classname="backend.tests.test_ai_assistant.TestAiDiscordStatus" name="test_discord_status_unauth" time="4.390" /><testcase classname="backend.tests.test_ai_assistant.TestAiDiscordStatus" name="test_discord_status_idle" time="0.982" /><testcase classname="backend.tests.test_ai_assistant.TestAiChat" name="test_chat_requires_auth" time="0.243" /><testcase classname="backend.tests.test_ai_assistant.TestAiChat" name="test_chat_empty_message_rejected" time="0.251" /><testcase classname="backend.tests.test_ai_assistant.TestAiChat" name="test_chat_creates_income_record" time="4.268" /><testcase classname="backend.tests.test_ai_assistant.TestAiChat" name="test_chat_question_returns_text" time="2.163" /><testcase classname="backend.tests.test_ai_assistant.TestAiMessages" name="test_messages_requires_auth" time="0.208" /><testcase classname="backend.tests.test_ai_assistant.TestAiMessages" name="test_messages_history_present" time="2.282" /></testsuite></testsuites>