<?xml version="1.0" encoding="utf-8"?><testsuites name="pytest tests"><testsuite name="pytest" errors="0" failures="0" skipped="0" tests="7" time="10.499" timestamp="2026-06-09T07:51:00.402800+00:00" hostname="agent-env-b4eaf915-5a20-4cd4-9782-405296e91746"><testcase classname="backend.tests.test_coach.TestCoachSettings" name="test_get_settings_returns_defaults_and_seeds" time="3.420" /><testcase classname="backend.tests.test_coach.TestCoachSettings" name="test_get_settings_seeds_three_reminders_on_first_call" time="0.301" /><testcase classname="backend.tests.test_coach.TestCoachSettings" name="test_put_settings_persists" time="0.438" /><testcase classname="backend.tests.test_coach.TestCoachToday" name="test_today_shape" time="0.570" /><testcase classname="backend.tests.test_coach.TestCoachTip" name="test_tip_non_empty" time="4.799" /><testcase classname="backend.tests.test_coach.TestRemindersCRUD" name="test_reminders_full_crud" time="0.584" /><testcase classname="backend.tests.test_coach.TestDiscordStatusIdle" name="test_discord_status_not_configured" time="0.190" /></testsuite></testsuites>