<?xml version="1.0" encoding="utf-8"?><testsuites name="pytest tests"><testsuite name="pytest" errors="0" failures="0" skipped="0" tests="30" time="15.099" timestamp="2026-06-09T06:37:20.399749+00:00" hostname="agent-env-b4eaf915-5a20-4cd4-9782-405296e91746"><testcase classname="backend.tests.backend_test.TestRoot" name="test_root" time="0.192" /><testcase classname="backend.tests.backend_test.TestAuth" name="test_login_owner_success" time="0.547" /><testcase classname="backend.tests.backend_test.TestAuth" name="test_login_invalid_password" time="0.534" /><testcase classname="backend.tests.backend_test.TestAuth" name="test_register_new_user_and_me" time="0.736" /><testcase classname="backend.tests.backend_test.TestAuth" name="test_register_duplicate_rejected" time="0.167" /><testcase classname="backend.tests.backend_test.TestAuth" name="test_me_requires_auth" time="0.170" /><testcase classname="backend.tests.backend_test.TestAuth" name="test_update_profile_and_persist" time="0.863" /><testcase classname="backend.tests.backend_test.TestAuth" name="test_logout" time="1.051" /><testcase classname="backend.tests.backend_test.TestResourcesCRUD" name="test_clients_crud" time="0.559" /><testcase classname="backend.tests.backend_test.TestResourcesCRUD" name="test_income_crud" time="0.524" /><testcase classname="backend.tests.backend_test.TestResourcesCRUD" name="test_expenses_crud" time="0.675" /><testcase classname="backend.tests.backend_test.TestResourcesCRUD" name="test_projects_crud" time="0.599" /><testcase classname="backend.tests.backend_test.TestResourcesCRUD" name="test_goals_crud" time="0.595" /><testcase classname="backend.tests.backend_test.TestResourcesCRUD" name="test_learning_progress_crud" time="0.565" /><testcase classname="backend.tests.backend_test.TestResourcesCRUD" name="test_fitness_logs_crud" time="0.542" /><testcase classname="backend.tests.backend_test.TestResourcesCRUD" name="test_weight_logs_crud" time="0.576" /><testcase classname="backend.tests.backend_test.TestResourcesCRUD" name="test_focus_sessions_crud" time="0.571" /><testcase classname="backend.tests.backend_test.TestResourcesCRUD" name="test_ai_tools_crud" time="0.587" /><testcase classname="backend.tests.backend_test.TestResourcesCRUD" name="test_content_ideas_crud" time="0.517" /><testcase classname="backend.tests.backend_test.TestResourcesCRUD" name="test_youtube_videos_crud" time="0.573" /><testcase classname="backend.tests.backend_test.TestResourcesCRUD" name="test_team_members_crud" time="0.533" /><testcase classname="backend.tests.backend_test.TestResourcesCRUD" name="test_portfolio_projects_crud" time="0.518" /><testcase classname="backend.tests.backend_test.TestQueryParams" name="test_clients_search_and_status" time="0.448" /><testcase classname="backend.tests.backend_test.TestAggregations" name="test_dashboard_shape" time="0.174" /><testcase classname="backend.tests.backend_test.TestAggregations" name="test_dashboard_reflects_new_income" time="0.434" /><testcase classname="backend.tests.backend_test.TestAggregations" name="test_analytics_shape" time="0.210" /><testcase classname="backend.tests.backend_test.TestAggregations" name="test_activity_logs" time="0.300" /><testcase classname="backend.tests.backend_test.TestAggregations" name="test_weather_public" time="0.771" /><testcase classname="backend.tests.backend_test.TestAuthorization" name="test_resource_requires_auth" time="0.221" /><testcase classname="backend.tests.backend_test.TestAuthorization" name="test_resource_with_bad_token" time="0.177" /></testsuite></testsuites>